<?xml version="1.0" encoding="UTF-8"?>
<TestRun id="f1a41157-6eae-402e-92bc-8f011c991ec0" name="P7108318@BLR-P7108318 2012-09-12 12:47:00" runUser="NESSINBLR\P7108318" xmlns="http://microsoft.com/schemas/VisualStudio/TeamTest/2010">
  <TestSettings name="Local" id="b8d8ef6b-9d2d-4d2c-88fd-25454d21e099">
    <Description>These are default test settings for a local test run.</Description>
    <Deployment enabled="false" runDeploymentRoot="P7108318_BLR-P7108318 2012-09-12 12_47_00">
      <DeploymentItem filename="D:\webdriver\net35\Selenium.WebDriverBackedSelenium.dll" />
      <DeploymentItem filename="D:\webdriver\net35\Castle.Core.dll" />
      <DeploymentItem filename="D:\selenium-remote-control-1.0.3\selenium-dotnet-client-driver-1.0.1\nunit.core.dll" />
      <DeploymentItem filename="D:\selenium-remote-control-1.0.3\selenium-dotnet-client-driver-1.0.1\nmock.dll" />
      <DeploymentItem filename="C:\Users\P7108318\Documents\Visual Studio 2010\Projects\DataDriverProject\Library\bin\Debug\Library.dll" />
      <DeploymentItem filename="D:\webdriver\net35\WebDriver.dll" />
      <DeploymentItem filename="D:\selenium-remote-control-1.0.3\selenium-dotnet-client-driver-1.0.1\nunit.framework.dll" />
      <DeploymentItem filename="D:\webdriver\net35\Ionic.Zip.dll" />
      <DeploymentItem filename="D:\webdriver\net35\Newtonsoft.Json.dll" />
      <DeploymentItem filename="D:\webdriver\net35\ThoughtWorks.Selenium.Core.dll" />
      <DeploymentItem filename="D:\webdriver\net35\WebDriver.Support.dll" />
    </Deployment>
    <Execution>
      <TestTypeSpecific />
      <AgentRule name="Execution Agents">
      </AgentRule>
    </Execution>
  </TestSettings>
  <Times creation="2012-09-12T12:47:00.9714115+05:30" queuing="2012-09-12T12:47:03.0462151+05:30" start="2012-09-12T12:47:03.2510154+05:30" finish="2012-09-12T12:47:22.1058487+05:30" />
  <ResultSummary outcome="Error">
    <Counters total="1" executed="1" error="0" failed="0" timeout="0" aborted="1" inconclusive="0" passedButRunAborted="0" notRunnable="0" notExecuted="0" disconnected="0" warning="0" passed="0" completed="0" inProgress="0" pending="0" />
    <RunInfos>
      <RunInfo computerName="BLR-P7108318" outcome="Error" timestamp="2012-09-12T12:47:22.0958487+05:30">
        <Text>Test host process exited unexpectedly.</Text>
      </RunInfo>
    </RunInfos>
  </ResultSummary>
  <TestDefinitions>
    <UnitTest name="TheDDScenario1Test" storage="c:\users\p7108318\documents\visual studio 2010\projects\datadriverproject\bin\debug\datadriverproject.dll" id="f1b6f7a2-ad1e-8d26-e504-b504b2c30f6e">
      <Execution id="6e259f5a-333f-4789-b3b4-c5f51263d3ae" />
      <TestMethod codeBase="C:/Users/P7108318/Documents/Visual Studio 2010/Projects/DataDriverProject/bin/Debug/DataDriverProject.DLL" adapterTypeName="Microsoft.VisualStudio.TestTools.TestTypes.Unit.UnitTestAdapter, Microsoft.VisualStudio.QualityTools.Tips.UnitTest.Adapter, Version=10.0.0.0, Culture=neutral, PublicKeyToken=b03f5f7f11d50a3a" className="Test.DDTest, DataDriverProject, Version=1.0.0.0, Culture=neutral, PublicKeyToken=null" name="TheDDScenario1Test" />
      <Extension>Microsoft.VisualStudio.TestTools.UITesting.CodedUITestAttribute, Microsoft.VisualStudio.QualityTools.CodedUITestFramework, Version=10.0.0.0, Culture=neutral, PublicKeyToken=b03f5f7f11d50a3a</Extension>
    </UnitTest>
  </TestDefinitions>
  <TestLists>
    <TestList name="Results Not in a List" id="8c84fa94-04c1-424b-9868-57a2d4851a1d" />
    <TestList name="All Loaded Results" id="19431567-8539-422a-85d7-44ee4e166bda" />
  </TestLists>
  <TestEntries>
    <TestEntry testId="f1b6f7a2-ad1e-8d26-e504-b504b2c30f6e" executionId="6e259f5a-333f-4789-b3b4-c5f51263d3ae" testListId="8c84fa94-04c1-424b-9868-57a2d4851a1d" />
  </TestEntries>
  <Results>
    <UnitTestResult executionId="6e259f5a-333f-4789-b3b4-c5f51263d3ae" testId="f1b6f7a2-ad1e-8d26-e504-b504b2c30f6e" testName="TheDDScenario1Test" computerName="BLR-P7108318" duration="00:00:18.7248331" startTime="2012-09-12T12:47:03.3810156+05:30" endTime="2012-09-12T12:47:22.1058487+05:30" testType="13cdc9d9-ddb5-4fa4-a97d-d965ccfc6d4b" outcome="Aborted" testListId="8c84fa94-04c1-424b-9868-57a2d4851a1d" relativeResultsDirectory="6e259f5a-333f-4789-b3b4-c5f51263d3ae">
    </UnitTestResult>
  </Results>
</TestRun>