<?xml version="1.0" encoding="UTF-8"?>
<TestRun id="d8de9c6d-fbed-41f8-8d90-f227002cd73c" name="P7108318@BLR-P7108318 2012-09-12 12:55:50" runUser="NESSINBLR\P7108318" xmlns="http://microsoft.com/schemas/VisualStudio/TeamTest/2010">
  <TestSettings name="Local" id="b8d8ef6b-9d2d-4d2c-88fd-25454d21e099">
    <Description>These are default test settings for a local test run.</Description>
    <Deployment enabled="false" runDeploymentRoot="P7108318_BLR-P7108318 2012-09-12 12_55_50">
      <DeploymentItem filename="D:\webdriver\net35\Selenium.WebDriverBackedSelenium.dll" />
      <DeploymentItem filename="D:\webdriver\net35\Castle.Core.dll" />
      <DeploymentItem filename="D:\selenium-remote-control-1.0.3\selenium-dotnet-client-driver-1.0.1\nunit.core.dll" />
      <DeploymentItem filename="D:\selenium-remote-control-1.0.3\selenium-dotnet-client-driver-1.0.1\nmock.dll" />
      <DeploymentItem filename="C:\Users\P7108318\Documents\Visual Studio 2010\Projects\DataDriverProject\Library\bin\Debug\Library.dll" />
      <DeploymentItem filename="D:\webdriver\net35\WebDriver.dll" />
      <DeploymentItem filename="D:\selenium-remote-control-1.0.3\selenium-dotnet-client-driver-1.0.1\nunit.framework.dll" />
      <DeploymentItem filename="D:\webdriver\net35\Ionic.Zip.dll" />
      <DeploymentItem filename="D:\webdriver\net35\Newtonsoft.Json.dll" />
      <DeploymentItem filename="D:\webdriver\net35\ThoughtWorks.Selenium.Core.dll" />
      <DeploymentItem filename="D:\webdriver\net35\WebDriver.Support.dll" />
    </Deployment>
    <Execution>
      <TestTypeSpecific />
      <AgentRule name="Execution Agents">
      </AgentRule>
    </Execution>
  </TestSettings>
  <Times creation="2012-09-12T12:55:50.2827433+05:30" queuing="2012-09-12T12:55:52.7879469+05:30" start="2012-09-12T12:55:53.1679475+05:30" finish="2012-09-12T12:56:38.7048226+05:30" />
  <ResultSummary outcome="Completed">
    <Counters total="1" executed="1" passed="1" error="0" failed="0" timeout="0" aborted="0" inconclusive="0" passedButRunAborted="0" notRunnable="0" notExecuted="0" disconnected="0" warning="0" completed="0" inProgress="0" pending="0" />
  </ResultSummary>
  <TestDefinitions>
    <UnitTest name="TheDDScenario1Test" storage="c:\users\p7108318\documents\visual studio 2010\projects\datadriverproject\bin\debug\datadriverproject.dll" id="f1b6f7a2-ad1e-8d26-e504-b504b2c30f6e">
      <Execution id="04fd62cc-e79c-47bc-84cc-0e55787fe16c" />
      <TestMethod codeBase="C:/Users/P7108318/Documents/Visual Studio 2010/Projects/DataDriverProject/bin/Debug/DataDriverProject.DLL" adapterTypeName="Microsoft.VisualStudio.TestTools.TestTypes.Unit.UnitTestAdapter, Microsoft.VisualStudio.QualityTools.Tips.UnitTest.Adapter, Version=10.0.0.0, Culture=neutral, PublicKeyToken=b03f5f7f11d50a3a" className="Test.DDTest, DataDriverProject, Version=1.0.0.0, Culture=neutral, PublicKeyToken=null" name="TheDDScenario1Test" />
      <Extension>Microsoft.VisualStudio.TestTools.UITesting.CodedUITestAttribute, Microsoft.VisualStudio.QualityTools.CodedUITestFramework, Version=10.0.0.0, Culture=neutral, PublicKeyToken=b03f5f7f11d50a3a</Extension>
    </UnitTest>
  </TestDefinitions>
  <TestLists>
    <TestList name="Results Not in a List" id="8c84fa94-04c1-424b-9868-57a2d4851a1d" />
    <TestList name="All Loaded Results" id="19431567-8539-422a-85d7-44ee4e166bda" />
  </TestLists>
  <TestEntries>
    <TestEntry testId="f1b6f7a2-ad1e-8d26-e504-b504b2c30f6e" executionId="04fd62cc-e79c-47bc-84cc-0e55787fe16c" testListId="8c84fa94-04c1-424b-9868-57a2d4851a1d" />
  </TestEntries>
  <Results>
    <UnitTestResult executionId="04fd62cc-e79c-47bc-84cc-0e55787fe16c" testId="f1b6f7a2-ad1e-8d26-e504-b504b2c30f6e" testName="TheDDScenario1Test" computerName="BLR-P7108318" duration="00:00:42.8339450" startTime="2012-09-12T12:55:53.2979476+05:30" endTime="2012-09-12T12:56:38.3616220+05:30" testType="13cdc9d9-ddb5-4fa4-a97d-d965ccfc6d4b" outcome="Passed" testListId="8c84fa94-04c1-424b-9868-57a2d4851a1d" relativeResultsDirectory="04fd62cc-e79c-47bc-84cc-0e55787fe16c">
    </UnitTestResult>
  </Results>
</TestRun>